<?xml version="1.0" encoding="UTF-8"?>
<robot generator="Robot 3.1.2 (Python 3.7.3 on win32)" generated="20190611 12:46:02.990" rpa="false">
<suite id="s1" name="MonumentCheckoutProcess" source="C:\Users\laitkor\git\Robot_Monument\MonumentCheckoutProcess">
<suite id="s1-s1" name="Tests" source="C:\Users\laitkor\git\Robot_Monument\MonumentCheckoutProcess\Tests">
<suite id="s1-s1-s1" name="MonumentRegression" source="C:\Users\laitkor\git\Robot_Monument\MonumentCheckoutProcess\Tests\MonumentRegression.robot">
<test id="s1-s1-s1-t1" name="Selenium Monument test">
<kw name="Open Browser" library="SeleniumLibrary">
<doc>Opens a new browser instance to the given ``url``.</doc>
<arguments>
<arg>${URL}</arg>
<arg>chrome</arg>
</arguments>
<msg timestamp="20190611 12:46:08.642" level="INFO">Opening browser 'chrome' to base url 'https://demo.theprintlife.com/login/'.</msg>
<status status="PASS" starttime="20190611 12:46:08.218" endtime="20190611 12:46:28.415"></status>
</kw>
<kw name="Maximize Browser Window" library="SeleniumLibrary">
<doc>Maximizes current browser window.</doc>
<status status="PASS" starttime="20190611 12:46:28.418" endtime="20190611 12:46:28.898"></status>
</kw>
<kw name="Set Browser Implicit Wait" library="SeleniumLibrary">
<doc>Sets the implicit wait value used by Selenium.</doc>
<arguments>
<arg>20</arg>
</arguments>
<status status="PASS" starttime="20190611 12:46:28.899" endtime="20190611 12:46:28.906"></status>
</kw>
<kw name="CheckoutProcess">
<kw name="Input Text" library="SeleniumLibrary">
<doc>Types the given ``text`` into text field identified by ``locator``.</doc>
<arguments>
<arg>${txtBoxUser}</arg>
<arg>&amp;{LOG IN DATA}[username]</arg>
</arguments>
<msg timestamp="20190611 12:46:28.911" level="INFO">Typing text 'sanjay' into text field '//input[@id="wpmp_username"]'.</msg>
<status status="PASS" starttime="20190611 12:46:28.910" endtime="20190611 12:46:30.607"></status>
</kw>
<kw name="Input Password" library="SeleniumLibrary">
<doc>Types the given password into text field identified by ``locator``.</doc>
<arguments>
<arg>${txtBoxpwd}</arg>
<arg>&amp;{LOG IN DATA}[password]</arg>
</arguments>
<msg timestamp="20190611 12:46:30.609" level="INFO">Typing password into text field '//input[@id="wpmp_password"]'.</msg>
<status status="PASS" starttime="20190611 12:46:30.608" endtime="20190611 12:46:30.813"></status>
</kw>
<kw name="Click Button" library="SeleniumLibrary">
<doc>Clicks button identified by ``locator``.</doc>
<arguments>
<arg>${LoginButton}</arg>
</arguments>
<msg timestamp="20190611 12:46:30.815" level="INFO">Clicking button '//button[@type="submit"]'.</msg>
<status status="PASS" starttime="20190611 12:46:30.814" endtime="20190611 12:46:31.037"></status>
</kw>
<kw name="Sleep" library="BuiltIn">
<doc>Pauses the test executed for the given time.</doc>
<arguments>
<arg>10</arg>
</arguments>
<msg timestamp="20190611 12:46:41.039" level="INFO">Slept 10 seconds</msg>
<status status="PASS" starttime="20190611 12:46:31.037" endtime="20190611 12:46:41.041"></status>
</kw>
<kw name="Click Element" library="SeleniumLibrary">
<doc>Click element identified by ``locator``.</doc>
<arguments>
<arg>${ProductTab}</arg>
</arguments>
<msg timestamp="20190611 12:46:41.046" level="INFO">Clicking element '//li[@id="menu-item-136"]'.</msg>
<status status="PASS" starttime="20190611 12:46:41.043" endtime="20190611 12:46:43.589"></status>
</kw>
<kw name="Click Element" library="SeleniumLibrary">
<doc>Click element identified by ``locator``.</doc>
<arguments>
<arg>${ChooseProduct}</arg>
</arguments>
<msg timestamp="20190611 12:46:43.592" level="INFO">Clicking element '//img[@class="responsive-img in"][@on-error-src="https://www.ssactivewear.com/Images/Style/2839_fm.jpg"]'.</msg>
<status status="PASS" starttime="20190611 12:46:43.590" endtime="20190611 12:46:48.816"></status>
</kw>
<kw name="Sleep" library="BuiltIn">
<doc>Pauses the test executed for the given time.</doc>
<arguments>
<arg>10</arg>
</arguments>
<msg timestamp="20190611 12:46:58.818" level="INFO">Slept 10 seconds</msg>
<status status="PASS" starttime="20190611 12:46:48.817" endtime="20190611 12:46:58.819"></status>
</kw>
<kw name="Click Button" library="SeleniumLibrary">
<doc>Clicks button identified by ``locator``.</doc>
<arguments>
<arg>${AddPrjctBtn}</arg>
</arguments>
<msg timestamp="20190611 12:46:58.824" level="INFO">Clicking button '//button[@ng-click="manageSelectedColors(isAlreadyExist)"]'.</msg>
<status status="PASS" starttime="20190611 12:46:58.821" endtime="20190611 12:46:58.971"></status>
</kw>
<kw name="Click Button" library="SeleniumLibrary">
<doc>Clicks button identified by ``locator``.</doc>
<arguments>
<arg>${slctQty}</arg>
</arguments>
<msg timestamp="20190611 12:46:58.972" level="INFO">Clicking button '//button[@id="submit_color"]'.</msg>
<status status="PASS" starttime="20190611 12:46:58.972" endtime="20190611 12:46:59.160"></status>
</kw>
<kw name="Input Text" library="SeleniumLibrary">
<doc>Types the given ``text`` into text field identified by ``locator``.</doc>
<arguments>
<arg>&amp;{QtyTxtBox}[LocateQty]</arg>
<arg>&amp;{QtyTxtBox}[QtyValue]</arg>
</arguments>
<msg timestamp="20190611 12:46:59.162" level="INFO">Typing text '14' into text field '//*[@id="wrapper"]/form/span/div/div/div[2]/div/div[1]/div/input[1]'.</msg>
<status status="PASS" starttime="20190611 12:46:59.161" endtime="20190611 12:47:00.253"></status>
</kw>
<kw name="Click Element" library="SeleniumLibrary">
<doc>Click element identified by ``locator``.</doc>
<arguments>
<arg>${NextBtn}</arg>
</arguments>
<msg timestamp="20190611 12:47:00.255" level="INFO">Clicking element '//a[@class="btn-flat"]'.</msg>
<status status="PASS" starttime="20190611 12:47:00.254" endtime="20190611 12:47:00.469"></status>
</kw>
<kw name="Click Element" library="SeleniumLibrary">
<doc>Click element identified by ``locator``.</doc>
<arguments>
<arg>${ChooseLoc}</arg>
</arguments>
<msg timestamp="20190611 12:47:00.470" level="INFO">Clicking element '//a[@ng-click="setPrintLocation('front');"]'.</msg>
<status status="PASS" starttime="20190611 12:47:00.469" endtime="20190611 12:47:01.250"></status>
</kw>
<kw name="Scroll Page To Location">
<arguments>
<arg>0</arg>
<arg>2000</arg>
</arguments>
<kw name="Execute Javascript" library="SeleniumLibrary">
<doc>Executes the given JavaScript code with possible arguments.</doc>
<arguments>
<arg>window.scrollTo(${x_location},${y_location})</arg>
</arguments>
<msg timestamp="20190611 12:47:01.254" level="INFO">Executing JavaScript:
window.scrollTo(0,2000)
Without any arguments.</msg>
<status status="PASS" starttime="20190611 12:47:01.252" endtime="20190611 12:47:01.323"></status>
</kw>
<status status="PASS" starttime="20190611 12:47:01.251" endtime="20190611 12:47:01.324"></status>
</kw>
<kw name="Sleep" library="BuiltIn">
<doc>Pauses the test executed for the given time.</doc>
<arguments>
<arg>10</arg>
</arguments>
<msg timestamp="20190611 12:47:11.325" level="INFO">Slept 10 seconds</msg>
<status status="PASS" starttime="20190611 12:47:01.324" endtime="20190611 12:47:11.326"></status>
</kw>
<kw name="Click Element" library="SeleniumLibrary">
<doc>Click element identified by ``locator``.</doc>
<arguments>
<arg>${UploadBtn}</arg>
</arguments>
<msg timestamp="20190611 12:47:11.331" level="INFO">Clicking element '//a[@data-target="art-manager"][@ng-click="setActiveLocation('front', 'artwork', 'stepone')"]'.</msg>
<status status="PASS" starttime="20190611 12:47:11.328" endtime="20190611 12:47:11.497"></status>
</kw>
<kw name="Sleep" library="BuiltIn">
<doc>Pauses the test executed for the given time.</doc>
<arguments>
<arg>5</arg>
</arguments>
<msg timestamp="20190611 12:47:16.498" level="INFO">Slept 5 seconds</msg>
<status status="PASS" starttime="20190611 12:47:11.498" endtime="20190611 12:47:16.499"></status>
</kw>
<kw name="Choose File" library="SeleniumLibrary">
<doc>Inputs the ``file_path`` into file input field ``locator``.</doc>
<arguments>
<arg>&amp;{ChooseImg}[UploadBtn]</arg>
<arg>&amp;{ChooseImg}[ImgPath]</arg>
</arguments>
<status status="PASS" starttime="20190611 12:47:16.500" endtime="20190611 12:47:16.636"></status>
</kw>
<kw name="Click Button" library="SeleniumLibrary">
<doc>Clicks button identified by ``locator``.</doc>
<arguments>
<arg>${UploadFile}</arg>
</arguments>
<msg timestamp="20190611 12:47:16.637" level="INFO">Clicking button '//button[@ng-click="uploadFile(noOfColor)"]'.</msg>
<status status="PASS" starttime="20190611 12:47:16.636" endtime="20190611 12:47:16.820"></status>
</kw>
<kw name="Click Element" library="SeleniumLibrary">
<doc>Click element identified by ``locator``.</doc>
<arguments>
<arg>${ClickImg}</arg>
</arguments>
<msg timestamp="20190611 12:47:16.822" level="INFO">Clicking element '//div[@class="selected-file modal-trigger ng-scope"]'.</msg>
<status status="PASS" starttime="20190611 12:47:16.821" endtime="20190611 12:47:18.364"></status>
</kw>
<kw name="Click Element" library="SeleniumLibrary">
<doc>Click element identified by ``locator``.</doc>
<arguments>
<arg>${SlctColor}</arg>
</arguments>
<msg timestamp="20190611 12:47:18.365" level="INFO">Clicking element '//li[@title="82500 Yellow"]'.</msg>
<status status="PASS" starttime="20190611 12:47:18.364" endtime="20190611 12:47:18.539"></status>
</kw>
<kw name="Click Element" library="SeleniumLibrary">
<doc>Click element identified by ``locator``.</doc>
<arguments>
<arg>${CloseBtn}</arg>
</arguments>
<msg timestamp="20190611 12:47:18.543" level="INFO">Clicking element '//*[@id="ink-picker"]/div/div[1]/button/i'.</msg>
<status status="PASS" starttime="20190611 12:47:18.541" endtime="20190611 12:47:18.680"></status>
</kw>
<kw name="Sleep" library="BuiltIn">
<doc>Pauses the test executed for the given time.</doc>
<arguments>
<arg>5</arg>
</arguments>
<msg timestamp="20190611 12:47:23.682" level="INFO">Slept 5 seconds</msg>
<status status="PASS" starttime="20190611 12:47:18.681" endtime="20190611 12:47:23.682"></status>
</kw>
<kw name="Click Element" library="SeleniumLibrary">
<doc>Click element identified by ``locator``.</doc>
<arguments>
<arg>${WidthList}</arg>
</arguments>
<msg timestamp="20190611 12:47:23.685" level="INFO">Clicking element '//*[@id="art-manager"]/div/div[2]/div/div[3]/div/div[1]/div/input'.</msg>
<status status="PASS" starttime="20190611 12:47:23.683" endtime="20190611 12:47:23.855"></status>
</kw>
<kw name="Sleep" library="BuiltIn">
<doc>Pauses the test executed for the given time.</doc>
<arguments>
<arg>5</arg>
</arguments>
<msg timestamp="20190611 12:47:28.857" level="INFO">Slept 5 seconds</msg>
<status status="PASS" starttime="20190611 12:47:23.856" endtime="20190611 12:47:28.858"></status>
</kw>
<kw name="Select from drpdwn">
<arguments>
<arg>0</arg>
<arg>5</arg>
</arguments>
<kw name="Execute Javascript" library="SeleniumLibrary">
<doc>Executes the given JavaScript code with possible arguments.</doc>
<arguments>
<arg>document.getElementsByClassName('dropdown-content')[${a}].childNodes[${b}].click()</arg>
</arguments>
<msg timestamp="20190611 12:47:28.867" level="INFO">Executing JavaScript:
document.getElementsByClassName('dropdown-content')[0].childNodes[5].click()
Without any arguments.</msg>
<status status="PASS" starttime="20190611 12:47:28.864" endtime="20190611 12:47:28.981"></status>
</kw>
<status status="PASS" starttime="20190611 12:47:28.860" endtime="20190611 12:47:28.982"></status>
</kw>
<kw name="Click Element" library="SeleniumLibrary">
<doc>Click element identified by ``locator``.</doc>
<arguments>
<arg>${PrintDst}</arg>
</arguments>
<msg timestamp="20190611 12:47:28.983" level="INFO">Clicking element '//*[@id="art-manager"]/div/div[2]/div/div[3]/div/div[2]/div/input'.</msg>
<status status="PASS" starttime="20190611 12:47:28.982" endtime="20190611 12:47:29.076"></status>
</kw>
<kw name="Sleep" library="BuiltIn">
<doc>Pauses the test executed for the given time.</doc>
<arguments>
<arg>5</arg>
</arguments>
<msg timestamp="20190611 12:47:34.077" level="INFO">Slept 5 seconds</msg>
<status status="PASS" starttime="20190611 12:47:29.077" endtime="20190611 12:47:34.078"></status>
</kw>
<kw name="Select from drpdwn">
<arguments>
<arg>1</arg>
<arg>3</arg>
</arguments>
<kw name="Execute Javascript" library="SeleniumLibrary">
<doc>Executes the given JavaScript code with possible arguments.</doc>
<arguments>
<arg>document.getElementsByClassName('dropdown-content')[${a}].childNodes[${b}].click()</arg>
</arguments>
<msg timestamp="20190611 12:47:34.085" level="INFO">Executing JavaScript:
document.getElementsByClassName('dropdown-content')[1].childNodes[3].click()
Without any arguments.</msg>
<status status="PASS" starttime="20190611 12:47:34.082" endtime="20190611 12:47:34.170"></status>
</kw>
<status status="PASS" starttime="20190611 12:47:34.079" endtime="20190611 12:47:34.170"></status>
</kw>
<kw name="Sleep" library="BuiltIn">
<doc>Pauses the test executed for the given time.</doc>
<arguments>
<arg>5</arg>
</arguments>
<msg timestamp="20190611 12:47:39.172" level="INFO">Slept 5 seconds</msg>
<status status="PASS" starttime="20190611 12:47:34.170" endtime="20190611 12:47:39.173"></status>
</kw>
<kw name="Click Element" library="SeleniumLibrary">
<doc>Click element identified by ``locator``.</doc>
<arguments>
<arg>${Placement}</arg>
</arguments>
<msg timestamp="20190611 12:47:39.177" level="INFO">Clicking element '//*[@id="art-manager"]/div/div[2]/div/div[3]/div/div[3]/div/input'.</msg>
<status status="PASS" starttime="20190611 12:47:39.174" endtime="20190611 12:47:39.292"></status>
</kw>
<kw name="Select from drpdwn">
<arguments>
<arg>2</arg>
<arg>2</arg>
</arguments>
<kw name="Execute Javascript" library="SeleniumLibrary">
<doc>Executes the given JavaScript code with possible arguments.</doc>
<arguments>
<arg>document.getElementsByClassName('dropdown-content')[${a}].childNodes[${b}].click()</arg>
</arguments>
<msg timestamp="20190611 12:47:39.294" level="INFO">Executing JavaScript:
document.getElementsByClassName('dropdown-content')[2].childNodes[2].click()
Without any arguments.</msg>
<status status="PASS" starttime="20190611 12:47:39.293" endtime="20190611 12:47:39.378"></status>
</kw>
<status status="PASS" starttime="20190611 12:47:39.293" endtime="20190611 12:47:39.378"></status>
</kw>
<kw name="Click Button" library="SeleniumLibrary">
<doc>Clicks button identified by ``locator``.</doc>
<arguments>
<arg>${SbmtBtn}</arg>
</arguments>
<msg timestamp="20190611 12:47:39.379" level="INFO">Clicking button '//*[@id="art-manager"]/div/div[2]/div/div[3]/div/button[1]'.</msg>
<status status="PASS" starttime="20190611 12:47:39.378" endtime="20190611 12:47:39.654"></status>
</kw>
<kw name="Sleep" library="BuiltIn">
<doc>Pauses the test executed for the given time.</doc>
<arguments>
<arg>5</arg>
</arguments>
<msg timestamp="20190611 12:47:44.655" level="INFO">Slept 5 seconds</msg>
<status status="PASS" starttime="20190611 12:47:39.654" endtime="20190611 12:47:44.656"></status>
</kw>
<kw name="Click Element" library="SeleniumLibrary">
<doc>Click element identified by ``locator``.</doc>
<arguments>
<arg>${nxt}</arg>
</arguments>
<msg timestamp="20190611 12:47:44.661" level="INFO">Clicking element '//a[@class="btn-flat"]'.</msg>
<status status="PASS" starttime="20190611 12:47:44.658" endtime="20190611 12:47:44.799"></status>
</kw>
<kw name="Sleep" library="BuiltIn">
<doc>Pauses the test executed for the given time.</doc>
<arguments>
<arg>5</arg>
</arguments>
<msg timestamp="20190611 12:47:49.801" level="INFO">Slept 5 seconds</msg>
<status status="PASS" starttime="20190611 12:47:44.800" endtime="20190611 12:47:49.802"></status>
</kw>
<kw name="Select next">
<kw name="Execute Javascript" library="SeleniumLibrary">
<doc>Executes the given JavaScript code with possible arguments.</doc>
<arguments>
<arg>document.getElementsByClassName('material-icons')[1].click()</arg>
</arguments>
<msg timestamp="20190611 12:47:49.809" level="INFO">Executing JavaScript:
document.getElementsByClassName('material-icons')[1].click()
Without any arguments.</msg>
<status status="PASS" starttime="20190611 12:47:49.806" endtime="20190611 12:47:49.866"></status>
</kw>
<status status="PASS" starttime="20190611 12:47:49.803" endtime="20190611 12:47:49.867"></status>
</kw>
<kw name="Sleep" library="BuiltIn">
<doc>Pauses the test executed for the given time.</doc>
<arguments>
<arg>5</arg>
</arguments>
<msg timestamp="20190611 12:47:54.869" level="INFO">Slept 5 seconds</msg>
<status status="PASS" starttime="20190611 12:47:49.867" endtime="20190611 12:47:54.870"></status>
</kw>
<kw name="Select next">
<kw name="Execute Javascript" library="SeleniumLibrary">
<doc>Executes the given JavaScript code with possible arguments.</doc>
<arguments>
<arg>document.getElementsByClassName('material-icons')[1].click()</arg>
</arguments>
<msg timestamp="20190611 12:47:54.877" level="INFO">Executing JavaScript:
document.getElementsByClassName('material-icons')[1].click()
Without any arguments.</msg>
<status status="PASS" starttime="20190611 12:47:54.874" endtime="20190611 12:47:54.927"></status>
</kw>
<status status="PASS" starttime="20190611 12:47:54.871" endtime="20190611 12:47:54.927"></status>
</kw>
<kw name="Sleep" library="BuiltIn">
<doc>Pauses the test executed for the given time.</doc>
<arguments>
<arg>5</arg>
</arguments>
<msg timestamp="20190611 12:47:59.928" level="INFO">Slept 5 seconds</msg>
<status status="PASS" starttime="20190611 12:47:54.928" endtime="20190611 12:47:59.929"></status>
</kw>
<kw name="Select cart drpdwn">
<arguments>
<arg>0</arg>
<arg>2</arg>
</arguments>
<kw name="Execute Javascript" library="SeleniumLibrary">
<doc>Executes the given JavaScript code with possible arguments.</doc>
<arguments>
<arg>document.getElementsByClassName('dropdown-content ')[${c}].childNodes[${d}].click()</arg>
</arguments>
<msg timestamp="20190611 12:47:59.936" level="INFO">Executing JavaScript:
document.getElementsByClassName('dropdown-content ')[0].childNodes[2].click()
Without any arguments.</msg>
<status status="PASS" starttime="20190611 12:47:59.933" endtime="20190611 12:47:59.986"></status>
</kw>
<status status="PASS" starttime="20190611 12:47:59.930" endtime="20190611 12:47:59.987"></status>
</kw>
<kw name="Sleep" library="BuiltIn">
<doc>Pauses the test executed for the given time.</doc>
<arguments>
<arg>5</arg>
</arguments>
<msg timestamp="20190611 12:48:04.989" level="INFO">Slept 5 seconds</msg>
<status status="PASS" starttime="20190611 12:47:59.987" endtime="20190611 12:48:04.989"></status>
</kw>
<kw name="Select cart drpdwn">
<arguments>
<arg>1</arg>
<arg>2</arg>
</arguments>
<kw name="Execute Javascript" library="SeleniumLibrary">
<doc>Executes the given JavaScript code with possible arguments.</doc>
<arguments>
<arg>document.getElementsByClassName('dropdown-content ')[${c}].childNodes[${d}].click()</arg>
</arguments>
<msg timestamp="20190611 12:48:04.992" level="INFO">Executing JavaScript:
document.getElementsByClassName('dropdown-content ')[1].childNodes[2].click()
Without any arguments.</msg>
<status status="PASS" starttime="20190611 12:48:04.991" endtime="20190611 12:48:05.024"></status>
</kw>
<status status="PASS" starttime="20190611 12:48:04.990" endtime="20190611 12:48:05.025"></status>
</kw>
<kw name="Sleep" library="BuiltIn">
<doc>Pauses the test executed for the given time.</doc>
<arguments>
<arg>5</arg>
</arguments>
<msg timestamp="20190611 12:48:10.027" level="INFO">Slept 5 seconds</msg>
<status status="PASS" starttime="20190611 12:48:05.025" endtime="20190611 12:48:10.028"></status>
</kw>
<kw name="Select cart drpdwn">
<arguments>
<arg>2</arg>
<arg>2</arg>
</arguments>
<kw name="Execute Javascript" library="SeleniumLibrary">
<doc>Executes the given JavaScript code with possible arguments.</doc>
<arguments>
<arg>document.getElementsByClassName('dropdown-content ')[${c}].childNodes[${d}].click()</arg>
</arguments>
<msg timestamp="20190611 12:48:10.037" level="INFO">Executing JavaScript:
document.getElementsByClassName('dropdown-content ')[2].childNodes[2].click()
Without any arguments.</msg>
<status status="PASS" starttime="20190611 12:48:10.033" endtime="20190611 12:48:10.107"></status>
</kw>
<status status="PASS" starttime="20190611 12:48:10.029" endtime="20190611 12:48:10.108"></status>
</kw>
<kw name="Sleep" library="BuiltIn">
<doc>Pauses the test executed for the given time.</doc>
<arguments>
<arg>5</arg>
</arguments>
<msg timestamp="20190611 12:48:15.109" level="INFO">Slept 5 seconds</msg>
<status status="PASS" starttime="20190611 12:48:10.109" endtime="20190611 12:48:15.123"></status>
</kw>
<kw name="Click Button" library="SeleniumLibrary">
<doc>Clicks button identified by ``locator``.</doc>
<arguments>
<arg>${Checkoutbtn}</arg>
</arguments>
<msg timestamp="20190611 12:48:15.128" level="INFO">Clicking button '//button[@ng-click="saveQuote('payment')"]'.</msg>
<status status="PASS" starttime="20190611 12:48:15.125" endtime="20190611 12:48:15.283"></status>
</kw>
<kw name="Click Button" library="SeleniumLibrary">
<doc>Clicks button identified by ``locator``.</doc>
<arguments>
<arg>${CrtPop}</arg>
</arguments>
<msg timestamp="20190611 12:48:15.284" level="INFO">Clicking button '//*[@id="payTerms"]/div/div[2]/div[2]/div/button'.</msg>
<status status="PASS" starttime="20190611 12:48:15.283" endtime="20190611 12:48:15.534"></status>
</kw>
<status status="PASS" starttime="20190611 12:46:28.908" endtime="20190611 12:48:15.534"></status>
</kw>
<doc>This is for Monument Checkout Process</doc>
<status status="PASS" starttime="20190611 12:46:08.216" endtime="20190611 12:48:15.535" critical="yes"></status>
</test>
<status status="PASS" starttime="20190611 12:46:03.725" endtime="20190611 12:48:15.536"></status>
</suite>
<status status="PASS" starttime="20190611 12:46:03.722" endtime="20190611 12:48:15.539"></status>
</suite>
<status status="PASS" starttime="20190611 12:46:03.663" endtime="20190611 12:48:15.542"></status>
</suite>
<statistics>
<total>
<stat pass="1" fail="0">Critical Tests</stat>
<stat pass="1" fail="0">All Tests</stat>
</total>
<tag>
</tag>
<suite>
<stat pass="1" fail="0" id="s1" name="MonumentCheckoutProcess">MonumentCheckoutProcess</stat>
<stat pass="1" fail="0" id="s1-s1" name="Tests">MonumentCheckoutProcess.Tests</stat>
<stat pass="1" fail="0" id="s1-s1-s1" name="MonumentRegression">MonumentCheckoutProcess.Tests.MonumentRegression</stat>
</suite>
</statistics>
<errors>
</errors>
</robot>
