<?xml version="1.0" encoding="UTF-8"?>
<robot generator="Robot 3.1.2 (Python 3.7.3 on win32)" generated="20190610 12:37:48.558" rpa="false">
<suite id="s1" name="PMDRobot2" source="D:\REDworkSpace\PMDRobot2">
<suite id="s1-s1" name="Tests" source="D:\REDworkSpace\PMDRobot2\Tests">
<suite id="s1-s1-s1" name="MonumentRegression" source="D:\REDworkSpace\PMDRobot2\Tests\MonumentRegression.robot">
<test id="s1-s1-s1-t1" name="Selenium Monument test">
<kw name="Open Browser" library="SeleniumLibrary">
<doc>Opens a new browser instance to the given ``url``.</doc>
<arguments>
<arg>${URL}</arg>
<arg>chrome</arg>
</arguments>
<msg timestamp="20190610 12:37:50.365" level="INFO">Opening browser 'chrome' to base url 'https://demo.theprintlife.com/login/'.</msg>
<status status="PASS" starttime="20190610 12:37:50.364" endtime="20190610 12:38:09.277"></status>
</kw>
<kw name="Maximize Browser Window" library="SeleniumLibrary">
<doc>Maximizes current browser window.</doc>
<status status="PASS" starttime="20190610 12:38:09.279" endtime="20190610 12:38:09.488"></status>
</kw>
<kw name="Set Browser Implicit Wait" library="SeleniumLibrary">
<doc>Sets the implicit wait value used by Selenium.</doc>
<arguments>
<arg>20</arg>
</arguments>
<status status="PASS" starttime="20190610 12:38:09.488" endtime="20190610 12:38:09.492"></status>
</kw>
<kw name="CheckoutProcess">
<kw name="Input Text" library="SeleniumLibrary">
<doc>Types the given ``text`` into text field identified by ``locator``.</doc>
<arguments>
<arg>${txtBoxUser}</arg>
<arg>&amp;{LOG IN DATA}[username]</arg>
</arguments>
<msg timestamp="20190610 12:38:09.495" level="INFO">Typing text 'sanjay' into text field '//input[@id="wpmp_username"]'.</msg>
<status status="PASS" starttime="20190610 12:38:09.494" endtime="20190610 12:38:09.966"></status>
</kw>
<kw name="Input Password" library="SeleniumLibrary">
<doc>Types the given password into text field identified by ``locator``.</doc>
<arguments>
<arg>${txtBoxpwd}</arg>
<arg>&amp;{LOG IN DATA}[password]</arg>
</arguments>
<msg timestamp="20190610 12:38:09.967" level="INFO">Typing password into text field '//input[@id="wpmp_password"]'.</msg>
<status status="PASS" starttime="20190610 12:38:09.967" endtime="20190610 12:38:10.164"></status>
</kw>
<kw name="Click Button" library="SeleniumLibrary">
<doc>Clicks button identified by ``locator``.</doc>
<arguments>
<arg>${LoginButton}</arg>
</arguments>
<msg timestamp="20190610 12:38:10.165" level="INFO">Clicking button '//button[@type="submit"]'.</msg>
<status status="PASS" starttime="20190610 12:38:10.165" endtime="20190610 12:38:10.331"></status>
</kw>
<kw name="Sleep" library="BuiltIn">
<doc>Pauses the test executed for the given time.</doc>
<arguments>
<arg>10</arg>
</arguments>
<msg timestamp="20190610 12:38:20.333" level="INFO">Slept 10 seconds</msg>
<status status="PASS" starttime="20190610 12:38:10.331" endtime="20190610 12:38:20.334"></status>
</kw>
<kw name="Click Element" library="SeleniumLibrary">
<doc>Click element identified by ``locator``.</doc>
<arguments>
<arg>${ProductTab}</arg>
</arguments>
<msg timestamp="20190610 12:38:20.339" level="INFO">Clicking element '//li[@id="menu-item-136"]'.</msg>
<status status="PASS" starttime="20190610 12:38:20.336" endtime="20190610 12:38:22.884"></status>
</kw>
<kw name="Click Element" library="SeleniumLibrary">
<doc>Click element identified by ``locator``.</doc>
<arguments>
<arg>${ChooseProduct}</arg>
</arguments>
<msg timestamp="20190610 12:38:22.885" level="INFO">Clicking element '//img[@class="responsive-img in"][@on-error-src="https://www.ssactivewear.com/Images/Style/2839_fm.jpg"]'.</msg>
<status status="PASS" starttime="20190610 12:38:22.884" endtime="20190610 12:38:26.730"></status>
</kw>
<kw name="Sleep" library="BuiltIn">
<doc>Pauses the test executed for the given time.</doc>
<arguments>
<arg>10</arg>
</arguments>
<msg timestamp="20190610 12:38:36.733" level="INFO">Slept 10 seconds</msg>
<status status="PASS" starttime="20190610 12:38:26.731" endtime="20190610 12:38:36.734"></status>
</kw>
<kw name="Click Button" library="SeleniumLibrary">
<doc>Clicks button identified by ``locator``.</doc>
<arguments>
<arg>${AddPrjctBtn}</arg>
</arguments>
<msg timestamp="20190610 12:38:36.738" level="INFO">Clicking button '//button[@ng-click="manageSelectedColors(isAlreadyExist)"]'.</msg>
<status status="PASS" starttime="20190610 12:38:36.735" endtime="20190610 12:38:36.974"></status>
</kw>
<kw name="Click Button" library="SeleniumLibrary">
<doc>Clicks button identified by ``locator``.</doc>
<arguments>
<arg>${slctQty}</arg>
</arguments>
<msg timestamp="20190610 12:38:36.976" level="INFO">Clicking button '//button[@id="submit_color"]'.</msg>
<status status="PASS" starttime="20190610 12:38:36.975" endtime="20190610 12:38:37.170"></status>
</kw>
<kw name="Input Text" library="SeleniumLibrary">
<doc>Types the given ``text`` into text field identified by ``locator``.</doc>
<arguments>
<arg>&amp;{QtyTxtBox}[LocateQty]</arg>
<arg>&amp;{QtyTxtBox}[QtyValue]</arg>
</arguments>
<msg timestamp="20190610 12:38:37.173" level="INFO">Typing text '14' into text field '//*[@id="wrapper"]/form/span/div/div/div[2]/div/div[1]/div/input[1]'.</msg>
<status status="PASS" starttime="20190610 12:38:37.172" endtime="20190610 12:38:38.278"></status>
</kw>
<kw name="Click Element" library="SeleniumLibrary">
<doc>Click element identified by ``locator``.</doc>
<arguments>
<arg>${NextBtn}</arg>
</arguments>
<msg timestamp="20190610 12:38:38.280" level="INFO">Clicking element '//a[@class="btn-flat"]'.</msg>
<status status="PASS" starttime="20190610 12:38:38.279" endtime="20190610 12:38:38.462"></status>
</kw>
<kw name="Click Element" library="SeleniumLibrary">
<doc>Click element identified by ``locator``.</doc>
<arguments>
<arg>${ChooseLoc}</arg>
</arguments>
<msg timestamp="20190610 12:38:38.464" level="INFO">Clicking element '//a[@ng-click="setPrintLocation('front');"]'.</msg>
<status status="PASS" starttime="20190610 12:38:38.464" endtime="20190610 12:38:39.853"></status>
</kw>
<kw name="Scroll Page To Location">
<arguments>
<arg>0</arg>
<arg>2000</arg>
</arguments>
<kw name="Execute Javascript" library="SeleniumLibrary">
<doc>Executes the given JavaScript code with possible arguments.</doc>
<arguments>
<arg>window.scrollTo(${x_location},${y_location})</arg>
</arguments>
<msg timestamp="20190610 12:38:39.858" level="INFO">Executing JavaScript:
window.scrollTo(0,2000)
Without any arguments.</msg>
<status status="PASS" starttime="20190610 12:38:39.856" endtime="20190610 12:38:40.302"></status>
</kw>
<status status="PASS" starttime="20190610 12:38:39.854" endtime="20190610 12:38:40.303"></status>
</kw>
<kw name="Sleep" library="BuiltIn">
<doc>Pauses the test executed for the given time.</doc>
<arguments>
<arg>10</arg>
</arguments>
<msg timestamp="20190610 12:38:50.304" level="INFO">Slept 10 seconds</msg>
<status status="PASS" starttime="20190610 12:38:40.303" endtime="20190610 12:38:50.305"></status>
</kw>
<kw name="Click Element" library="SeleniumLibrary">
<doc>Click element identified by ``locator``.</doc>
<arguments>
<arg>${UploadBtn}</arg>
</arguments>
<msg timestamp="20190610 12:38:50.310" level="INFO">Clicking element '//a[@data-target="art-manager"][@ng-click="setActiveLocation('front', 'artwork', 'stepone')"]'.</msg>
<status status="PASS" starttime="20190610 12:38:50.307" endtime="20190610 12:38:50.514"></status>
</kw>
<kw name="Sleep" library="BuiltIn">
<doc>Pauses the test executed for the given time.</doc>
<arguments>
<arg>5</arg>
</arguments>
<msg timestamp="20190610 12:38:55.516" level="INFO">Slept 5 seconds</msg>
<status status="PASS" starttime="20190610 12:38:50.515" endtime="20190610 12:38:55.517"></status>
</kw>
<kw name="Choose File" library="SeleniumLibrary">
<doc>Inputs the ``file_path`` into file input field ``locator``.</doc>
<arguments>
<arg>&amp;{ChooseImg}[UploadBtn]</arg>
<arg>&amp;{ChooseImg}[ImgPath]</arg>
</arguments>
<status status="PASS" starttime="20190610 12:38:55.530" endtime="20190610 12:38:55.642"></status>
</kw>
<kw name="Click Button" library="SeleniumLibrary">
<doc>Clicks button identified by ``locator``.</doc>
<arguments>
<arg>${UploadFile}</arg>
</arguments>
<msg timestamp="20190610 12:38:55.643" level="INFO">Clicking button '//button[@ng-click="uploadFile(noOfColor)"]'.</msg>
<status status="PASS" starttime="20190610 12:38:55.642" endtime="20190610 12:38:55.984"></status>
</kw>
<kw name="Click Element" library="SeleniumLibrary">
<doc>Click element identified by ``locator``.</doc>
<arguments>
<arg>${ClickImg}</arg>
</arguments>
<msg timestamp="20190610 12:38:55.986" level="INFO">Clicking element '//div[@class="selected-file modal-trigger ng-scope"]'.</msg>
<status status="PASS" starttime="20190610 12:38:55.985" endtime="20190610 12:38:57.598"></status>
</kw>
<kw name="Click Element" library="SeleniumLibrary">
<doc>Click element identified by ``locator``.</doc>
<arguments>
<arg>${SlctColor}</arg>
</arguments>
<msg timestamp="20190610 12:38:57.600" level="INFO">Clicking element '//li[@title="82500 Yellow"]'.</msg>
<status status="PASS" starttime="20190610 12:38:57.599" endtime="20190610 12:38:57.780"></status>
</kw>
<kw name="Click Element" library="SeleniumLibrary">
<doc>Click element identified by ``locator``.</doc>
<arguments>
<arg>${CloseBtn}</arg>
</arguments>
<msg timestamp="20190610 12:38:57.782" level="INFO">Clicking element '//*[@id="ink-picker"]/div/div[1]/button/i'.</msg>
<status status="PASS" starttime="20190610 12:38:57.781" endtime="20190610 12:38:57.911"></status>
</kw>
<kw name="Sleep" library="BuiltIn">
<doc>Pauses the test executed for the given time.</doc>
<arguments>
<arg>5</arg>
</arguments>
<msg timestamp="20190610 12:39:02.914" level="INFO">Slept 5 seconds</msg>
<status status="PASS" starttime="20190610 12:38:57.912" endtime="20190610 12:39:02.915"></status>
</kw>
<kw name="Click Element" library="SeleniumLibrary">
<doc>Click element identified by ``locator``.</doc>
<arguments>
<arg>${WidthList}</arg>
</arguments>
<msg timestamp="20190610 12:39:02.920" level="INFO">Clicking element '//*[@id="art-manager"]/div/div[2]/div/div[3]/div/div[1]/div/input'.</msg>
<status status="PASS" starttime="20190610 12:39:02.917" endtime="20190610 12:39:03.050"></status>
</kw>
<kw name="Sleep" library="BuiltIn">
<doc>Pauses the test executed for the given time.</doc>
<arguments>
<arg>5</arg>
</arguments>
<msg timestamp="20190610 12:39:08.052" level="INFO">Slept 5 seconds</msg>
<status status="PASS" starttime="20190610 12:39:03.050" endtime="20190610 12:39:08.054"></status>
</kw>
<kw name="Select from drpdwn">
<arguments>
<arg>0</arg>
<arg>5</arg>
</arguments>
<kw name="Execute Javascript" library="SeleniumLibrary">
<doc>Executes the given JavaScript code with possible arguments.</doc>
<arguments>
<arg>document.getElementsByClassName('dropdown-content')[${a}].childNodes[${b}].click()</arg>
</arguments>
<msg timestamp="20190610 12:39:08.063" level="INFO">Executing JavaScript:
document.getElementsByClassName('dropdown-content')[0].childNodes[5].click()
Without any arguments.</msg>
<status status="PASS" starttime="20190610 12:39:08.059" endtime="20190610 12:39:08.163"></status>
</kw>
<status status="PASS" starttime="20190610 12:39:08.056" endtime="20190610 12:39:08.164"></status>
</kw>
<kw name="Click Element" library="SeleniumLibrary">
<doc>Click element identified by ``locator``.</doc>
<arguments>
<arg>${PrintDst}</arg>
</arguments>
<msg timestamp="20190610 12:39:08.165" level="INFO">Clicking element '//*[@id="art-manager"]/div/div[2]/div/div[3]/div/div[2]/div/input'.</msg>
<status status="PASS" starttime="20190610 12:39:08.164" endtime="20190610 12:39:08.272"></status>
</kw>
<kw name="Sleep" library="BuiltIn">
<doc>Pauses the test executed for the given time.</doc>
<arguments>
<arg>5</arg>
</arguments>
<msg timestamp="20190610 12:39:13.275" level="INFO">Slept 5 seconds</msg>
<status status="PASS" starttime="20190610 12:39:08.273" endtime="20190610 12:39:13.276"></status>
</kw>
<kw name="Select from drpdwn">
<arguments>
<arg>1</arg>
<arg>3</arg>
</arguments>
<kw name="Execute Javascript" library="SeleniumLibrary">
<doc>Executes the given JavaScript code with possible arguments.</doc>
<arguments>
<arg>document.getElementsByClassName('dropdown-content')[${a}].childNodes[${b}].click()</arg>
</arguments>
<msg timestamp="20190610 12:39:13.285" level="INFO">Executing JavaScript:
document.getElementsByClassName('dropdown-content')[1].childNodes[3].click()
Without any arguments.</msg>
<status status="PASS" starttime="20190610 12:39:13.281" endtime="20190610 12:39:13.371"></status>
</kw>
<status status="PASS" starttime="20190610 12:39:13.278" endtime="20190610 12:39:13.372"></status>
</kw>
<kw name="Sleep" library="BuiltIn">
<doc>Pauses the test executed for the given time.</doc>
<arguments>
<arg>5</arg>
</arguments>
<msg timestamp="20190610 12:39:18.374" level="INFO">Slept 5 seconds</msg>
<status status="PASS" starttime="20190610 12:39:13.372" endtime="20190610 12:39:18.375"></status>
</kw>
<kw name="Click Element" library="SeleniumLibrary">
<doc>Click element identified by ``locator``.</doc>
<arguments>
<arg>${Placement}</arg>
</arguments>
<msg timestamp="20190610 12:39:18.380" level="INFO">Clicking element '//*[@id="art-manager"]/div/div[2]/div/div[3]/div/div[3]/div/input'.</msg>
<status status="PASS" starttime="20190610 12:39:18.377" endtime="20190610 12:39:18.594"></status>
</kw>
<kw name="Select from drpdwn">
<arguments>
<arg>2</arg>
<arg>2</arg>
</arguments>
<kw name="Execute Javascript" library="SeleniumLibrary">
<doc>Executes the given JavaScript code with possible arguments.</doc>
<arguments>
<arg>document.getElementsByClassName('dropdown-content')[${a}].childNodes[${b}].click()</arg>
</arguments>
<msg timestamp="20190610 12:39:18.596" level="INFO">Executing JavaScript:
document.getElementsByClassName('dropdown-content')[2].childNodes[2].click()
Without any arguments.</msg>
<status status="PASS" starttime="20190610 12:39:18.595" endtime="20190610 12:39:18.672"></status>
</kw>
<status status="PASS" starttime="20190610 12:39:18.594" endtime="20190610 12:39:18.673"></status>
</kw>
<kw name="Click Button" library="SeleniumLibrary">
<doc>Clicks button identified by ``locator``.</doc>
<arguments>
<arg>${SbmtBtn}</arg>
</arguments>
<msg timestamp="20190610 12:39:18.677" level="INFO">Clicking button '//*[@id="art-manager"]/div/div[2]/div/div[3]/div/button[1]'.</msg>
<status status="PASS" starttime="20190610 12:39:18.676" endtime="20190610 12:39:18.868"></status>
</kw>
<kw name="Sleep" library="BuiltIn">
<doc>Pauses the test executed for the given time.</doc>
<arguments>
<arg>5</arg>
</arguments>
<msg timestamp="20190610 12:39:23.869" level="INFO">Slept 5 seconds</msg>
<status status="PASS" starttime="20190610 12:39:18.869" endtime="20190610 12:39:23.870"></status>
</kw>
<kw name="Click Element" library="SeleniumLibrary">
<doc>Click element identified by ``locator``.</doc>
<arguments>
<arg>${nxt}</arg>
</arguments>
<msg timestamp="20190610 12:39:23.874" level="INFO">Clicking element '//a[@class="btn-flat"]'.</msg>
<status status="PASS" starttime="20190610 12:39:23.871" endtime="20190610 12:39:24.006"></status>
</kw>
<kw name="Sleep" library="BuiltIn">
<doc>Pauses the test executed for the given time.</doc>
<arguments>
<arg>5</arg>
</arguments>
<msg timestamp="20190610 12:39:29.010" level="INFO">Slept 5 seconds</msg>
<status status="PASS" starttime="20190610 12:39:24.007" endtime="20190610 12:39:29.011"></status>
</kw>
<kw name="Select next">
<kw name="Execute Javascript" library="SeleniumLibrary">
<doc>Executes the given JavaScript code with possible arguments.</doc>
<arguments>
<arg>document.getElementsByClassName('material-icons')[1].click()</arg>
</arguments>
<msg timestamp="20190610 12:39:29.019" level="INFO">Executing JavaScript:
document.getElementsByClassName('material-icons')[1].click()
Without any arguments.</msg>
<status status="PASS" starttime="20190610 12:39:29.016" endtime="20190610 12:39:29.075"></status>
</kw>
<status status="PASS" starttime="20190610 12:39:29.013" endtime="20190610 12:39:29.076"></status>
</kw>
<kw name="Sleep" library="BuiltIn">
<doc>Pauses the test executed for the given time.</doc>
<arguments>
<arg>5</arg>
</arguments>
<msg timestamp="20190610 12:39:34.078" level="INFO">Slept 5 seconds</msg>
<status status="PASS" starttime="20190610 12:39:29.077" endtime="20190610 12:39:34.079"></status>
</kw>
<kw name="Select next">
<kw name="Execute Javascript" library="SeleniumLibrary">
<doc>Executes the given JavaScript code with possible arguments.</doc>
<arguments>
<arg>document.getElementsByClassName('material-icons')[1].click()</arg>
</arguments>
<msg timestamp="20190610 12:39:34.083" level="INFO">Executing JavaScript:
document.getElementsByClassName('material-icons')[1].click()
Without any arguments.</msg>
<status status="PASS" starttime="20190610 12:39:34.081" endtime="20190610 12:39:34.127"></status>
</kw>
<status status="PASS" starttime="20190610 12:39:34.080" endtime="20190610 12:39:34.128"></status>
</kw>
<kw name="Sleep" library="BuiltIn">
<doc>Pauses the test executed for the given time.</doc>
<arguments>
<arg>5</arg>
</arguments>
<msg timestamp="20190610 12:39:39.129" level="INFO">Slept 5 seconds</msg>
<status status="PASS" starttime="20190610 12:39:34.128" endtime="20190610 12:39:39.130"></status>
</kw>
<kw name="Select cart drpdwn">
<arguments>
<arg>0</arg>
<arg>2</arg>
</arguments>
<kw name="Execute Javascript" library="SeleniumLibrary">
<doc>Executes the given JavaScript code with possible arguments.</doc>
<arguments>
<arg>document.getElementsByClassName('dropdown-content ')[${c}].childNodes[${d}].click()</arg>
</arguments>
<msg timestamp="20190610 12:39:39.139" level="INFO">Executing JavaScript:
document.getElementsByClassName('dropdown-content ')[0].childNodes[2].click()
Without any arguments.</msg>
<status status="PASS" starttime="20190610 12:39:39.135" endtime="20190610 12:39:39.216"></status>
</kw>
<status status="PASS" starttime="20190610 12:39:39.132" endtime="20190610 12:39:39.217"></status>
</kw>
<kw name="Sleep" library="BuiltIn">
<doc>Pauses the test executed for the given time.</doc>
<arguments>
<arg>5</arg>
</arguments>
<msg timestamp="20190610 12:39:44.218" level="INFO">Slept 5 seconds</msg>
<status status="PASS" starttime="20190610 12:39:39.217" endtime="20190610 12:39:44.219"></status>
</kw>
<kw name="Select cart drpdwn">
<arguments>
<arg>1</arg>
<arg>2</arg>
</arguments>
<kw name="Execute Javascript" library="SeleniumLibrary">
<doc>Executes the given JavaScript code with possible arguments.</doc>
<arguments>
<arg>document.getElementsByClassName('dropdown-content ')[${c}].childNodes[${d}].click()</arg>
</arguments>
<msg timestamp="20190610 12:39:44.228" level="INFO">Executing JavaScript:
document.getElementsByClassName('dropdown-content ')[1].childNodes[2].click()
Without any arguments.</msg>
<status status="PASS" starttime="20190610 12:39:44.225" endtime="20190610 12:39:44.320"></status>
</kw>
<status status="PASS" starttime="20190610 12:39:44.221" endtime="20190610 12:39:44.321"></status>
</kw>
<kw name="Sleep" library="BuiltIn">
<doc>Pauses the test executed for the given time.</doc>
<arguments>
<arg>5</arg>
</arguments>
<msg timestamp="20190610 12:39:49.322" level="INFO">Slept 5 seconds</msg>
<status status="PASS" starttime="20190610 12:39:44.321" endtime="20190610 12:39:49.323"></status>
</kw>
<kw name="Select cart drpdwn">
<arguments>
<arg>2</arg>
<arg>2</arg>
</arguments>
<kw name="Execute Javascript" library="SeleniumLibrary">
<doc>Executes the given JavaScript code with possible arguments.</doc>
<arguments>
<arg>document.getElementsByClassName('dropdown-content ')[${c}].childNodes[${d}].click()</arg>
</arguments>
<msg timestamp="20190610 12:39:49.330" level="INFO">Executing JavaScript:
document.getElementsByClassName('dropdown-content ')[2].childNodes[2].click()
Without any arguments.</msg>
<status status="PASS" starttime="20190610 12:39:49.328" endtime="20190610 12:39:49.379"></status>
</kw>
<status status="PASS" starttime="20190610 12:39:49.324" endtime="20190610 12:39:49.380"></status>
</kw>
<kw name="Sleep" library="BuiltIn">
<doc>Pauses the test executed for the given time.</doc>
<arguments>
<arg>5</arg>
</arguments>
<msg timestamp="20190610 12:39:54.382" level="INFO">Slept 5 seconds</msg>
<status status="PASS" starttime="20190610 12:39:49.380" endtime="20190610 12:39:54.383"></status>
</kw>
<kw name="Click Button" library="SeleniumLibrary">
<doc>Clicks button identified by ``locator``.</doc>
<arguments>
<arg>${Checkoutbtn}</arg>
</arguments>
<msg timestamp="20190610 12:39:54.388" level="INFO">Clicking button '//button[@ng-click="saveQuote('payment')"]'.</msg>
<status status="PASS" starttime="20190610 12:39:54.385" endtime="20190610 12:39:54.589"></status>
</kw>
<kw name="Click Button" library="SeleniumLibrary">
<doc>Clicks button identified by ``locator``.</doc>
<arguments>
<arg>${CrtPop}</arg>
</arguments>
<msg timestamp="20190610 12:39:54.590" level="INFO">Clicking button '//*[@id="payTerms"]/div/div[2]/div[2]/div/button'.</msg>
<status status="PASS" starttime="20190610 12:39:54.590" endtime="20190610 12:39:54.924"></status>
</kw>
<status status="PASS" starttime="20190610 12:38:09.493" endtime="20190610 12:39:54.925"></status>
</kw>
<doc>This is for Monument Checkout Process</doc>
<status status="PASS" starttime="20190610 12:37:50.363" endtime="20190610 12:39:54.925" critical="yes"></status>
</test>
<status status="PASS" starttime="20190610 12:37:48.880" endtime="20190610 12:39:54.927"></status>
</suite>
<status status="PASS" starttime="20190610 12:37:48.876" endtime="20190610 12:39:54.930"></status>
</suite>
<status status="PASS" starttime="20190610 12:37:48.802" endtime="20190610 12:39:54.934"></status>
</suite>
<statistics>
<total>
<stat pass="1" fail="0">Critical Tests</stat>
<stat pass="1" fail="0">All Tests</stat>
</total>
<tag>
</tag>
<suite>
<stat pass="1" fail="0" id="s1" name="PMDRobot2">PMDRobot2</stat>
<stat pass="1" fail="0" id="s1-s1" name="Tests">PMDRobot2.Tests</stat>
<stat pass="1" fail="0" id="s1-s1-s1" name="MonumentRegression">PMDRobot2.Tests.MonumentRegression</stat>
</suite>
</statistics>
<errors>
</errors>
</robot>
